{
  "stats": {
    "suites": 0,
    "tests": 1,
    "passes": 1,
    "pending": 0,
    "failures": 0,
    "start": "2022-09-07T16:50:01.512Z",
    "end": "2022-09-07T16:50:15.799Z",
    "duration": 14287,
    "testsRegistered": 1,
    "passPercent": 100,
    "pendingPercent": 0,
    "other": 0,
    "hasOther": false,
    "skipped": 0,
    "hasSkipped": false
  },
  "results": [
    {
      "uuid": "2969e9b2-baab-4b5c-98ed-4fd71c27c33b",
      "title": "",
      "fullFile": "cypress\\e2e\\verifyWindowHandles.cy.js",
      "file": "cypress\\e2e\\verifyWindowHandles.cy.js",
      "beforeHooks": [],
      "afterHooks": [],
      "tests": [
        {
          "title": "verify window handle",
          "fullTitle": "verify window handle",
          "timedOut": null,
          "duration": 11819,
          "state": "passed",
          "speed": "slow",
          "pass": true,
          "fail": false,
          "pending": false,
          "context": null,
          "code": "//visiting the url\ncy.visit('https://demo.automationtesting.in'); //navigating to Register\ncy.get('#email').should('be.visible');\ncy.get('#email').type(\"niha.gella@gmail.com\");\ncy.get('#enterimg').click();\ncy.get(':nth-child(9) > .dropdown-menu > :nth-child(4) > a').scrollIntoView().should('be.visible').click(); //cy.get('#input-4').click();\nconst docfile = 'Niharika_Resume.docx';\ncy.get('#input-4').attachFile(docfile);",
          "err": {},
          "uuid": "97b56d69-eb1b-46f1-a980-038ccf5d6bc0",
          "parentUUID": "2969e9b2-baab-4b5c-98ed-4fd71c27c33b",
          "isHook": false,
          "skipped": false
        }
      ],
      "suites": [],
      "passes": [
        "97b56d69-eb1b-46f1-a980-038ccf5d6bc0"
      ],
      "failures": [],
      "pending": [],
      "skipped": [],
      "duration": 11819,
      "root": true,
      "rootEmpty": false,
      "_timeout": 2000
    }
  ],
  "meta": {
    "mocha": {
      "version": "7.0.1"
    },
    "mochawesome": {
      "options": {
        "quiet": false,
        "reportFilename": "mochawesome",
        "saveHtml": true,
        "saveJson": true,
        "consoleReporter": "spec",
        "useInlineDiffs": false,
        "code": true
      },
      "version": "7.1.3"
    },
    "marge": {
      "options": null,
      "version": "6.2.0"
    }
  }
}